canergin,  10.06.2021, 10:45:01, zip submission
Korrektur Blatt 3

Aufgabe 4.1
	Checks Implementation of testPermutation: 15/15
	Checks Implementation of testPermutation: 10/10
	Checks Implementation of testPermutation: 10/10
Total points for Aufgabe 4.1: 35/35

Aufgabe 4.2
	Checks Implementation of testDerangements: 9/9
	Checks Implementation of testDerangements: 9/9
	Checks Implementation of testDerangements: 8/8
	Checks Implementation of testDerangements: 9/9
Total points for Aufgabe 4.2: 35/35

Aufgabe 4.3
	Checks Implementation of testsameElements: 0/15
	  java.lang.RuntimeException: Testcase 3: The test did not assert correctly, even though the elements are the same.
	Checks Implementation of testsameElements: 0/15
	  java.lang.RuntimeException: Testcase 2: The test did not assert correctly, even though the elements are the same.
Total points for Aufgabe 4.3: 0/30

Total points: 70/100
